<?xml version="1.0" encoding="UTF-8" standalone="no"?>
<testsuite failures="0" name="cucumber.runtime.formatter.JUnitFormatter" skipped="0" tests="3" time="48.71268">
<testcase classname="Basic Calculator feature" name="Basic Calculator test scenario" time="20.6478">
<system-out><![CDATA[Given User is already on Basic Calculator Page..............................passed
When title of login page is Basic Calculator................................passed
Then User enter "3" and "5" for operation...................................passed
Then User clicks on calculate button........................................passed
Then User checks the answer.................................................passed
]]></system-out>
</testcase>
<testcase classname="Basic Calculator feature" name=": Basic Calculator test scenario" time="13.513806">
<system-out><![CDATA[Given User is already on Basic Calculator Page..............................passed
When title of login page is Basic Calculator................................passed
Then User enter "3" and "5" for operation...................................passed
Then User clicks on calculate button........................................passed
Then User checks the answer.................................................passed
]]></system-out>
</testcase>
<testcase classname="Basic Calculator feature" name=": Basic Calculator test scenario 2" time="14.551074">
<system-out><![CDATA[Given User is already on Basic Calculator Page..............................passed
When title of login page is Basic Calculator................................passed
Then User enter "5" and "3" for operation...................................passed
Then User clicks on calculate button........................................passed
Then User checks the answer.................................................passed
]]></system-out>
</testcase>
</testsuite>
